<?xml version="1.0" encoding="UTF-8"?>
<!-- Generated by org.testng.reporters.JUnitReportReporter -->
<testsuite skipped="0" hostname="DESKTOP-PACBSU7" name="test.TestClass" tests="1" failures="0" timestamp="2020-07-28T22:34:15 EDT" time="11.209" errors="0">
  <testcase name="testing" time="11.209" classname="test.TestClass"/>
  <system-out/>
</testsuite> <!-- test.TestClass -->
